<?xml version="1.0" encoding="UTF-8"?>
<!-- Generated by org.testng.reporters.JUnitReportReporter -->
<testsuite hostname="KUMUDA" failures="0" tests="1" name="StaticResponsevalidate.JsonPathDynamicResponseValidation" time="2.924" errors="0" timestamp="2022-11-10T10:46:11 IST" skipped="0">
  <testcase classname="StaticResponsevalidate.JsonPathDynamicResponseValidation" name="dynamicValidate" time="2.924"/>
  <system-out/>
</testsuite> <!-- StaticResponsevalidate.JsonPathDynamicResponseValidation -->
