<?xml version="1.0" encoding="UTF-8"?>
<!-- Generated by org.testng.reporters.JUnitReportReporter -->
<testsuite hostname="KUMUDA" failures="0" tests="1" name="Serialization.SerializationOfEmpDataWithArray" time="0.139" errors="0" timestamp="2022-11-09T12:09:53 IST" skipped="0">
  <testcase classname="Serialization.SerializationOfEmpDataWithArray" name="serializationOfEmpdatawitharrayTest" time="0.139"/>
  <system-out/>
</testsuite> <!-- Serialization.SerializationOfEmpDataWithArray -->
