<?xml version="1.0" encoding="UTF-8"?>
<!-- Generated by org.testng.reporters.JUnitReportReporter -->
<testsuite hostname="KUMUDA" failures="0" tests="1" name="Parameters.PutParameter" time="1.396" errors="0" timestamp="2022-11-09T11:24:44 IST" skipped="0">
  <testcase classname="Parameters.PutParameter" name="put" time="1.396"/>
  <system-out/>
</testsuite> <!-- Parameters.PutParameter -->
