<?xml version="1.0" encoding="UTF-8"?>
<!-- Generated by org.testng.reporters.JUnitReportReporter -->
<testsuite hostname="KUMUDA" failures="0" tests="1" name="Parameters.GetParameter" time="1.230" errors="0" timestamp="2022-11-09T11:08:32 IST" skipped="0">
  <testcase classname="Parameters.GetParameter" name="get" time="1.230"/>
  <system-out/>
</testsuite> <!-- Parameters.GetParameter -->
