<?xml version="1.0" encoding="UTF-8"?>
<!-- Generated by org.testng.reporters.JUnitReportReporter -->
<testsuite hostname="KUMUDA" failures="0" tests="1" name="RestAssuredwithBDDApproach.GetAllWithBDD" time="1.487" errors="0" timestamp="2022-11-09T14:58:40 IST" skipped="0">
  <testcase classname="RestAssuredwithBDDApproach.GetAllWithBDD" name="UpdatewithBDD" time="1.487"/>
  <system-out/>
</testsuite> <!-- RestAssuredwithBDDApproach.GetAllWithBDD -->
