<?xml version="1.0" encoding="UTF-8"?>
<!-- Generated by org.testng.reporters.JUnitReportReporter -->
<testsuite hostname="KUMUDA" failures="0" tests="1" name="DeSerialization.DeserializationIntArray" time="0.143" errors="0" timestamp="2022-11-09T12:30:20 IST" skipped="0">
  <testcase classname="DeSerialization.DeserializationIntArray" name="deserialisationEmpdetailsTest" time="0.143"/>
  <system-out/>
</testsuite> <!-- DeSerialization.DeserializationIntArray -->
