<?xml version="1.0" encoding="UTF-8"?>
<!-- Generated by org.testng.reporters.JUnitReportReporter -->
<testsuite hostname="KUMUDA" failures="0" tests="1" name="CrudOperationwithBDDApproach.GetAllWithBDD" time="1.605" errors="0" timestamp="2022-11-07T12:55:10 IST" skipped="0">
  <testcase classname="CrudOperationwithBDDApproach.GetAllWithBDD" name="UpdatewithBDD" time="1.605"/>
  <system-out/>
</testsuite> <!-- CrudOperationwithBDDApproach.GetAllWithBDD -->
