<?xml version="1.0" encoding="UTF-8"?>
<!-- Generated by org.testng.reporters.JUnitReportReporter -->
<testsuite hostname="KUMUDA" failures="0" tests="1" name="CrudOperationWithBdd.Post" time="1.547" errors="0" timestamp="2022-11-10T11:18:00 IST" skipped="0">
  <testcase classname="CrudOperationWithBdd.Post" name="PostwithBDD" time="1.547"/>
  <system-out/>
</testsuite> <!-- CrudOperationWithBdd.Post -->
