<?xml version="1.0" encoding="UTF-8"?>
<!-- Generated by org.testng.reporters.JUnitReportReporter -->
<testsuite hostname="KUMUDA" failures="0" tests="1" name="Parameters.PathParameterDelete" time="1.229" errors="0" timestamp="2022-11-09T11:30:47 IST" skipped="0">
  <testcase classname="Parameters.PathParameterDelete" name="delete" time="1.229"/>
  <system-out/>
</testsuite> <!-- Parameters.PathParameterDelete -->
