<?xml version="1.0" encoding="UTF-8"?>
<!-- Generated by org.testng.reporters.JUnitReportReporter -->
<testsuite hostname="KUMUDA" failures="0" tests="1" name="DifferentWaytocreatepost.UsingJsonObject" time="1.312" errors="0" timestamp="2022-11-08T10:52:08 IST" skipped="0">
  <testcase classname="DifferentWaytocreatepost.UsingJsonObject" name="PostwithBDD" time="1.312"/>
  <system-out/>
</testsuite> <!-- DifferentWaytocreatepost.UsingJsonObject -->
