<?xml version="1.0" encoding="UTF-8"?>
<!-- Generated by org.testng.reporters.JUnitReportReporter -->
<testsuite hostname="KUMUDA" failures="0" tests="4" name="DataProvider.DataDriven" time="1.736" errors="0" timestamp="2022-11-08T14:43:40 IST" skipped="0">
  <testcase classname="DataProvider.DataDriven" name="dataTest" time="0.070"/>
  <system-out/>
  <testcase classname="DataProvider.DataDriven" name="dataTest" time="1.501"/>
  <system-out/>
  <testcase classname="DataProvider.DataDriven" name="dataTest" time="0.082"/>
  <system-out/>
  <testcase classname="DataProvider.DataDriven" name="dataTest" time="0.083"/>
  <system-out/>
</testsuite> <!-- DataProvider.DataDriven -->
