<?xml version="1.0" encoding="UTF-8"?>
<!-- Generated by org.testng.reporters.JUnitReportReporter -->
<testsuite hostname="KUMUDA" failures="0" tests="1" name="Serialization.SerializationWithStringArray" time="0.132" errors="0" timestamp="2022-11-09T12:31:29 IST" skipped="0">
  <testcase classname="Serialization.SerializationWithStringArray" name="serializationOfEmpDataWithString" time="0.132"/>
  <system-out/>
</testsuite> <!-- Serialization.SerializationWithStringArray -->
