<?xml version="1.0" encoding="UTF-8"?>
<!-- Generated by org.testng.reporters.JUnitReportReporter -->
<testsuite hostname="KUMUDA" failures="0" tests="1" name="Serialization.SerializationOfEmpDString" time="0.141" errors="0" timestamp="2022-11-09T12:13:23 IST" skipped="0">
  <testcase classname="Serialization.SerializationOfEmpDString" name="serializationOfEmpDataWithString" time="0.141"/>
  <system-out/>
</testsuite> <!-- Serialization.SerializationOfEmpDString -->
