<?xml version="1.0" encoding="UTF-8"?>
<!-- Generated by org.testng.reporters.JUnitReportReporter -->
<testsuite hostname="KUMUDA" failures="0" tests="1" name="CrudOperationwithBDDApproach.GetAllProjectWithBdd" time="1.622" errors="0" timestamp="2022-11-09T11:30:25 IST" skipped="0">
  <testcase classname="CrudOperationwithBDDApproach.GetAllProjectWithBdd" name="UpdatewithBDD" time="1.622"/>
  <system-out/>
</testsuite> <!-- CrudOperationwithBDDApproach.GetAllProjectWithBdd -->
