<?xml version="1.0" encoding="UTF-8"?>
<!-- Generated by org.testng.reporters.JUnitReportReporter -->
<testsuite hostname="KUMUDA" failures="0" tests="1" name="DifferentWaytocreatepost.UsingJsonFile" time="1.568" errors="0" timestamp="2022-11-07T16:23:31 IST" skipped="0">
  <testcase classname="DifferentWaytocreatepost.UsingJsonFile" name="jsonFile" time="1.568"/>
  <system-out/>
</testsuite> <!-- DifferentWaytocreatepost.UsingJsonFile -->
