<?xml version="1.0" encoding="UTF-8"?>
<!-- Generated by org.testng.reporters.JUnitReportReporter -->
<testsuite hostname="KUMUDA" failures="0" tests="1" name="framework.CreatepProjectVerifyInDataBase" time="1.576" errors="0" timestamp="2022-11-15T13:32:41 IST" skipped="0">
  <testcase classname="framework.CreatepProjectVerifyInDataBase" name="createProject" time="1.576"/>
  <system-out/>
</testsuite> <!-- framework.CreatepProjectVerifyInDataBase -->
