<?xml version="1.0" encoding="UTF-8"?>
<!-- Generated by org.testng.reporters.JUnitReportReporter -->
<testsuite hostname="KUMUDA" failures="0" tests="1" name="CrudOperationWithoutBdd.Post" time="1.507" errors="0" timestamp="2022-11-09T14:58:26 IST" skipped="0">
  <testcase classname="CrudOperationWithoutBdd.Post" name="PostwithBDD" time="1.507"/>
  <system-out/>
</testsuite> <!-- CrudOperationWithoutBdd.Post -->
