<?xml version="1.0" encoding="UTF-8"?>
<!-- Generated by org.testng.reporters.JUnitReportReporter -->
<testsuite hostname="KUMUDA" failures="0" tests="1" name="Serialization.SerializationForObject" time="0.141" errors="0" timestamp="2022-11-09T12:33:09 IST" skipped="0">
  <testcase classname="Serialization.SerializationForObject" name="employee" time="0.141"/>
  <system-out/>
</testsuite> <!-- Serialization.SerializationForObject -->
