<?xml version="1.0" encoding="UTF-8"?>
<!-- Generated by org.testng.reporters.JUnitReportReporter -->
<testsuite hostname="KUMUDA" failures="0" tests="1" name="CrudOperationWithBdd.DeleteProjectWithBDD" time="1.329" errors="0" timestamp="2022-11-09T17:23:46 IST" skipped="0">
  <testcase classname="CrudOperationWithBdd.DeleteProjectWithBDD" name="deleteProject" time="1.329"/>
  <system-out/>
</testsuite> <!-- CrudOperationWithBdd.DeleteProjectWithBDD -->
