<?xml version="1.0" encoding="UTF-8"?>
<!-- Generated by org.testng.reporters.JUnitReportReporter -->
<testsuite hostname="KUMUDA" failures="0" tests="1" name="Autthentication.basicPremitiveAuth" time="1.411" errors="0" timestamp="2022-11-10T15:48:10 IST" skipped="0">
  <testcase classname="Autthentication.basicPremitiveAuth" name="basicPreEmptiveAuth" time="1.411"/>
  <system-out/>
</testsuite> <!-- Autthentication.basicPremitiveAuth -->
