<?xml version="1.0" encoding="UTF-8"?>
<!-- Generated by org.testng.reporters.JUnitReportReporter -->
<testsuite hostname="KUMUDA" failures="0" tests="1" name="Autthentication.BasicAuth" time="1.423" errors="0" timestamp="2022-11-10T16:00:56 IST" skipped="0">
  <testcase classname="Autthentication.BasicAuth" name="basicAuth" time="1.423"/>
  <system-out/>
</testsuite> <!-- Autthentication.BasicAuth -->
