<?xml version="1.0" encoding="UTF-8"?>
<!-- Generated by org.testng.reporters.JUnitReportReporter -->
<testsuite hostname="KUMUDA" failures="0" tests="1" name="CrudOperationwithBDDApproach.PutWithBDD" time="1.466" errors="0" timestamp="2022-11-07T11:40:59 IST" skipped="0">
  <testcase classname="CrudOperationwithBDDApproach.PutWithBDD" name="UpdatewithBDD" time="1.466"/>
  <system-out/>
</testsuite> <!-- CrudOperationwithBDDApproach.PutWithBDD -->
