<?xml version="1.0" encoding="UTF-8"?>
<!-- Generated by org.testng.reporters.JUnitReportReporter -->
<testsuite hostname="KUMUDA" failures="0" tests="1" name="CrudOperationwithBDDApproach.GetSingleProjectWithBDD" time="1.173" errors="0" timestamp="2022-11-07T11:50:14 IST" skipped="0">
  <testcase classname="CrudOperationwithBDDApproach.GetSingleProjectWithBDD" name="GetProjectWithBDD" time="1.173"/>
  <system-out/>
</testsuite> <!-- CrudOperationwithBDDApproach.GetSingleProjectWithBDD -->
