<?xml version="1.0" encoding="UTF-8"?>
<!-- Generated by org.testng.reporters.JUnitReportReporter -->
<testsuite hostname="KUMUDA" failures="0" tests="1" name="StaticResponsevalidate.StaticTest" time="2.297" errors="0" timestamp="2022-11-09T17:44:46 IST" skipped="0">
  <testcase classname="StaticResponsevalidate.StaticTest" name="test" time="2.297"/>
  <system-out/>
</testsuite> <!-- StaticResponsevalidate.StaticTest -->
