<?xml version="1.0" encoding="UTF-8"?>
<!-- Generated by org.testng.reporters.JUnitReportReporter -->
<testsuite hostname="KUMUDA" failures="0" tests="1" name="CrudOperationwithBDDApproach.PostProjectWithBDD" time="1.526" errors="0" timestamp="2022-11-09T11:18:40 IST" skipped="0">
  <testcase classname="CrudOperationwithBDDApproach.PostProjectWithBDD" name="PostwithBDD" time="1.526"/>
  <system-out/>
</testsuite> <!-- CrudOperationwithBDDApproach.PostProjectWithBDD -->
