<?xml version="1.0" encoding="UTF-8"?>
<!-- Generated by org.testng.reporters.JUnitReportReporter -->
<testsuite hostname="KUMUDA" failures="0" tests="2" name="StaticResponsevalidate.RequestChaining" time="2.161" errors="0" timestamp="2022-11-10T12:43:41 IST" skipped="0">
  <testcase classname="StaticResponsevalidate.RequestChaining" name="getProjectByRequestChaining" time="0.090"/>
  <system-out/>
  <testcase classname="StaticResponsevalidate.RequestChaining" name="CreateProjectByRequestChaining" time="2.071"/>
  <system-out/>
</testsuite> <!-- StaticResponsevalidate.RequestChaining -->
