<?xml version="1.0" encoding="UTF-8"?>
<!-- Generated by org.testng.reporters.JUnitReportReporter -->
<testsuite hostname="KUMUDA" failures="0" tests="1" name="CrudOperationsWithoutBddApproach.PutWithBDD" time="1.422" errors="0" timestamp="2022-11-07T11:38:26 IST" skipped="0">
  <testcase classname="CrudOperationsWithoutBddApproach.PutWithBDD" name="UpdatewithBDD" time="1.422"/>
  <system-out/>
</testsuite> <!-- CrudOperationsWithoutBddApproach.PutWithBDD -->
