<?xml version="1.0" encoding="UTF-8"?>
<!-- Generated by org.testng.reporters.JUnitReportReporter -->
<testsuite hostname="KUMUDA" failures="0" tests="1" name="DeSerialization.DeserializationEmpDetails" time="0.150" errors="0" timestamp="2022-11-09T12:46:49 IST" skipped="0">
  <testcase classname="DeSerialization.DeserializationEmpDetails" name="deserialisationEmpdetailsTest" time="0.150"/>
  <system-out/>
</testsuite> <!-- DeSerialization.DeserializationEmpDetails -->
