<?xml version="1.0" encoding="UTF-8"?>
<!-- Generated by org.testng.reporters.JUnitReportReporter -->
<testsuite hostname="KUMUDA" failures="0" tests="1" name="Autthentication.BasicDigestiveAuth" time="1.394" errors="0" timestamp="2022-11-10T15:52:11 IST" skipped="0">
  <testcase classname="Autthentication.BasicDigestiveAuth" name="basicDigestiveAuth" time="1.394"/>
  <system-out/>
</testsuite> <!-- Autthentication.BasicDigestiveAuth -->
