<?xml version="1.0" encoding="UTF-8"?>
<!-- Generated by org.testng.reporters.JUnitReportReporter -->
<testsuite hostname="KUMUDA" failures="0" tests="1" name="Serialization.SerializationWithIntArray" time="0.129" errors="0" timestamp="2022-11-09T12:29:17 IST" skipped="0">
  <testcase classname="Serialization.SerializationWithIntArray" name="serializationOfEmpdatawitharrayTest" time="0.129"/>
  <system-out/>
</testsuite> <!-- Serialization.SerializationWithIntArray -->
