<?xml version="1.0" encoding="UTF-8"?>
<!-- Generated by org.testng.reporters.JUnitReportReporter -->
<testsuite hostname="KUMUDA" failures="0" tests="1" name="CrudOperationwithBDDApproach.PostwithBDD" time="1.665" errors="0" timestamp="2022-11-08T10:40:14 IST" skipped="0">
  <testcase classname="CrudOperationwithBDDApproach.PostwithBDD" name="PostwithBDD" time="1.665"/>
  <system-out/>
</testsuite> <!-- CrudOperationwithBDDApproach.PostwithBDD -->
