<?xml version="1.0" encoding="UTF-8"?>
<!-- Generated by org.testng.reporters.JUnitReportReporter -->
<testsuite hostname="KUMUDA" failures="0" tests="1" name="RestAssuredwithBDDApproach.PostProjectWithBDD" time="1.560" errors="0" timestamp="2022-11-09T14:57:13 IST" skipped="0">
  <testcase classname="RestAssuredwithBDDApproach.PostProjectWithBDD" name="PostwithBDD" time="1.560"/>
  <system-out/>
</testsuite> <!-- RestAssuredwithBDDApproach.PostProjectWithBDD -->
