<?xml version="1.0" encoding="UTF-8"?>
<!-- Generated by org.testng.reporters.JUnitReportReporter -->
<testsuite hostname="KUMUDA" failures="0" tests="1" name="RestAssuredwithBDDApproach.PutWithBDD" time="1.540" errors="0" timestamp="2022-11-09T15:00:48 IST" skipped="0">
  <testcase classname="RestAssuredwithBDDApproach.PutWithBDD" name="UpdatewithBDD" time="1.540"/>
  <system-out/>
</testsuite> <!-- RestAssuredwithBDDApproach.PutWithBDD -->
