<?xml version="1.0" encoding="UTF-8"?>
<!-- Generated by org.testng.reporters.JUnitReportReporter -->
<testsuite hostname="KUMUDA" failures="0" tests="1" name="DeSerialization.DeserializationString" time="0.139" errors="0" timestamp="2022-11-09T12:32:35 IST" skipped="0">
  <testcase classname="DeSerialization.DeserializationString" name="deserialisationDetails" time="0.139"/>
  <system-out/>
</testsuite> <!-- DeSerialization.DeserializationString -->
