<?xml version="1.0" encoding="UTF-8"?>
<!-- Generated by org.testng.reporters.JUnitReportReporter -->
<testsuite hostname="KUMUDA" failures="0" tests="1" name="Serialization.SerializationEmployeeDetailsTest" time="0.130" errors="0" timestamp="2022-11-09T12:24:50 IST" skipped="0">
  <testcase classname="Serialization.SerializationEmployeeDetailsTest" name="employeedetails" time="0.130"/>
  <system-out/>
</testsuite> <!-- Serialization.SerializationEmployeeDetailsTest -->
