<?xml version="1.0" encoding="UTF-8"?>
<!-- Generated by org.testng.reporters.JUnitReportReporter -->
<testsuite hostname="KUMUDA" failures="0" tests="1" name="DeSerialization.DesearilizationObjectArray" time="0.143" errors="0" timestamp="2022-11-09T12:46:39 IST" skipped="0">
  <testcase classname="DeSerialization.DesearilizationObjectArray" name="deserialisationDetails" time="0.143"/>
  <system-out/>
</testsuite> <!-- DeSerialization.DesearilizationObjectArray -->
