<?xml version="1.0" encoding="UTF-8"?>
<!-- Generated by org.testng.reporters.JUnitReportReporter -->
<testsuite hostname="KUMUDA" failures="0" tests="1" name="StaticResponsevalidate.DyanamicResponse" time="2.167" errors="0" timestamp="2022-11-10T11:24:10 IST" skipped="0">
  <testcase classname="StaticResponsevalidate.DyanamicResponse" name="dynamicresponse" time="2.167"/>
  <system-out/>
</testsuite> <!-- StaticResponsevalidate.DyanamicResponse -->
