<?xml version="1.0" encoding="UTF-8"?>
<!-- Generated by org.testng.reporters.JUnitReportReporter -->
<testsuite hostname="KUMUDA" failures="0" tests="1" name="DifferentWaytocreatepost.PojoUtilizationPost" time="1.703" errors="0" timestamp="2022-11-07T15:23:59 IST" skipped="0">
  <testcase classname="DifferentWaytocreatepost.PojoUtilizationPost" name="pojoclass" time="1.703"/>
  <system-out/>
</testsuite> <!-- DifferentWaytocreatepost.PojoUtilizationPost -->
