<?xml version="1.0" encoding="UTF-8"?>
<!-- Generated by org.testng.reporters.JUnitReportReporter -->
<testsuite hostname="KUMUDA" failures="0" tests="1" name="CrudOperationwithBDDApproach.DeleteProjectWithBDD" time="1.324" errors="0" timestamp="2022-11-07T12:55:29 IST" skipped="0">
  <testcase classname="CrudOperationwithBDDApproach.DeleteProjectWithBDD" name="deleteProject" time="1.324"/>
  <system-out/>
</testsuite> <!-- CrudOperationwithBDDApproach.DeleteProjectWithBDD -->
