<?xml version="1.0" encoding="UTF-8"?>
<!-- Generated by org.testng.reporters.JUnitReportReporter -->
<testsuite hostname="KUMUDA" failures="0" tests="1" name="Parameters.QueryParameter" time="5.961" errors="0" timestamp="2022-11-09T12:38:30 IST" skipped="0">
  <testcase classname="Parameters.QueryParameter" name="query" time="5.961"/>
  <system-out/>
</testsuite> <!-- Parameters.QueryParameter -->
